[  1%] Built target events_header
[  2%] Built target drivers_board
[  3%] Built target mixer_gen
[  3%] Built target ver_gen
[  3%] Built target git_mavlink_v2
[  3%] Built target mixer_gen_6dof
[  3%] Built target git_gps_devices
[  3%] Built target uorb_headers
[  3%] Built target parameters_xml
[  3%] Built target flighttasks_generated
[  3%] Built target output_functions_header
[  4%] Built target mavlink_c_generate
[  5%] Built target tinybson
[  5%] Built target MixerBase
[  5%] [34m[1mGenerating ../../logs[0m
[  5%] Built target output_limit
[  7%] Built target work_queue
[  7%] Built target geo
[  7%] Built target perf
[  8%] Built target rc
[  8%] Built target version
[  8%] Built target events_json
[  8%] Built target logs_symlink
[  8%] Built target wind_estimator
[  8%] Built target NullMixer
[  8%] Built target world_magnetic_model
[  9%] Built target MultirotorMixer
[  9%] Built target SimpleMixer
[  9%] Built target component_general_json
[  9%] Built target HelicopterMixer
[ 10%] Built target romfs_gen_files_target
[ 10%] Built target mixer
[ 30%] Built target uorb_msgs
[ 31%] Built target parameters
[ 31%] Built target px4_work_queue
[ 32%] Built target uORB
[ 34%] Built target px4_platform
[ 34%] Built target lockstep_scheduler
[ 35%] Built target px4_daemon
[ 35%] Built target px4_layer
[ 35%] Built target cdev
[ 35%] Built target hysteresis
[ 35%] Built target bezier
[ 36%] Built target systemlib
[ 36%] Built target airspeed
[ 36%] Built target conversion
[ 39%] Built target landing_slope
[ 39%] Built target battery
[ 40%] Built target CollisionPrevention
[ 40%] Built target drivers_barometer
[ 41%] Built target circuit_breaker
[ 41%] Built target l1
[ 41%] Built target pid
[ 41%] Built target mathlib
[ 41%] Built target lib__rc__rc_tests
[ 42%] Built target motion_planning
[ 42%] Built target SystemIdentification
[ 42%] Built target mixer_module
[ 43%] Built target sensor_calibration
[ 44%] Built target WeatherVane
[ 44%] Built target tecs
[ 44%] Built target examples__rpm_simulator
[ 44%] Built target modules__airspeed_selector
[ 44%] Built target arch_tone_alarm
[ 45%] Built target lib__work_queue__test__wqueue_test
[ 46%] Built target drivers__gps
[ 46%] Built target drivers__camera_trigger
[ 47%] Built target modules__airship_att_control
[ 47%] Built target modules__camera_feedback
[ 47%] Built target modules__uORB__uORB_tests
[ 47%] Built target modules__attitude_estimator_q
[ 48%] Built target failure_detector
[ 48%] Built target HealthFlags
[ 48%] Built target ArmAuthorization
[ 48%] Built target modules__dataman
[ 48%] Built target modules__commander__commander_tests
[ 48%] Built target EKF2Utility
[ 48%] Built target ControlAllocation
[ 48%] Built target modules__events
[ 48%] Built target FlightTask
[ 48%] Built target launchdetection
[ 48%] Built target fw_autotune_attitude_control
[ 50%] Built target modules__fw_att_control
[ 50%] Built target runway_takeoff
[ 50%] Built target modules__gyro_calibration
[ 51%] Built target modules__gyro_fft
[ 52%] Built target modules__landing_target_estimator
[ 52%] Built target modules__mag_bias_estimator
[ 52%] Built target module__manual_control
[ 52%] Built target modules__load_mon
[ 53%] Built target modules__logger
[ 54%] Built target modules__land_detector
[ 55%] Built target zero_order_hover_thrust_ekf
[ 56%] Built target mc_autotune_attitude_control
[ 57%] Built target modules__mavlink__mavlink_tests
[ 57%] Built target PositionControl
[ 57%] Built target Takeoff
[ 57%] Built target AttitudeControl
[ 57%] Built target modules__replay
[ 58%] Built target RateControl
[ 58%] Built target geofence_breach_avoidance
[ 59%] Built target modules__rc_update
[ 59%] Built target data_validator
[ 59%] Built target modules__rover_pos_control
[ 59%] Built target vehicle_acceleration
[ 60%] Built target vehicle_air_data
[ 60%] Built target vehicle_gps_position
[ 60%] Built target vehicle_imu
[ 60%] Built target modules__simulator__battery_simulator
[ 60%] Built target modules__uuv_att_control
[ 60%] Built target vehicle_angular_velocity
[ 61%] Built target modules__temperature_compensation
[ 63%] Built target modules__uuv_pos_control
[ 64%] Built target vehicle_magnetometer
[ 65%] Built target drivers__vmount
[ 65%] Built target modules__vtol_att_control
[ 65%] Built target systemcmds__dyn
[ 66%] Built target systemcmds__esc_calib
[ 66%] Built target systemcmds__failure
[ 66%] Built target systemcmds__mixer
[ 66%] Built target systemcmds__led_control
[ 66%] Built target systemcmds__param
[ 67%] Built target systemcmds__motor_ramp
[ 67%] Built target systemcmds__motor_test
[ 67%] Built target systemcmds__perf
[ 67%] Built target systemcmds__system_time
[ 67%] Built target systemcmds__shutdown
[ 67%] Built target systemcmds__pwm
[ 68%] Built target systemcmds__sd_bench
[ 68%] Built target systemcmds__uorb
[ 68%] Built target systemcmds__ver
[ 69%] Built target systemcmds__topic_listener
[ 69%] Built target systemcmds__tests__hrt_test
[ 70%] Built target controllib
[ 70%] Built target systemcmds__work_queue
[ 71%] Built target examples__fixedwing_control
[ 71%] Built target examples__px4_mavlink_debug
[ 71%] Built target modules__fake_gps
[ 72%] Built target examples__px4_simple_app
[ 72%] Built target examples__hello
[ 72%] Built target examples__uuv_example_app
[ 72%] Built target examples__rover_steering_control
[ 72%] Built target avoidance
[ 73%] Built target lib__cdev__test__cdev_test
[ 73%] Built target lib__controllib__controllib_test
[ 73%] Built target examples__work_item
[ 73%] Built target drivers_accelerometer
[ 73%] Built target drivers_gyroscope
[ 73%] Built target tunes
[ 73%] Built target drivers_magnetometer
[ 73%] Built target SlewRate
[ 73%] Built target drivers__pwm_out_sim
[ 73%] Built target ActuatorEffectiveness
[ 76%] Built target PreFlightCheck
[ 76%] Built target FlightTaskDescend
[ 76%] Built target modules__fw_pos_control_l1
[ 79%] Built target modules__ekf2
[ 80%] Built target modules__mc_att_control
[ 80%] Built target FlightTaskFailsafe
[ 80%] Built target modules__mc_rate_control
[ 80%] Built target modules__sensors
[ 80%] Built target modules__mc_hover_thrust_estimator
[ 81%] Built target modules__local_position_estimator
[ 81%] Built target systemcmds__tune_control
[ 82%] Built target modules__navigator
[ 82%] Built target examples__fake_magnetometer
[ 82%] Built target drivers__tone_alarm
[ 83%] Built target modules__fake_imu
[ 85%] Built target modules__control_allocator
[ 85%] Built target modules__simulator
[ 90%] Built target systemcmds__tests
[ 92%] Built target modules__commander
[ 93%] Built target modules__mc_pos_control
[ 94%] Built target FlightTaskUtility
[ 96%] Built target modules__mavlink
[ 96%] Built target FlightTaskTransition
[ 96%] Built target FlightTaskManualAltitude
[ 97%] Built target FlightTaskAuto
[ 97%] Built target FlightTaskManualAltitudeSmoothVel
[ 97%] Built target FlightTaskManualPosition
[ 97%] Built target FlightTaskAutoFollowMe
[ 97%] Built target FlightTaskOrbit
[ 97%] Built target FlightTaskManualAcceleration
[ 98%] Built target FlightTaskManualPositionSmoothVel
[ 98%] Built target FlightTaskAutoLineSmoothVel
[ 98%] Built target modules__flight_mode_manager
[100%] Built target px4
[100%] Built target examples__dyn_hello
