[  0%] Built target events_header
[  0%] Built target drivers_board
[  0%] Built target uorb_headers
[  0%] Built target ver_gen
[  0%] Built target flighttasks_generated
[  0%] Built target parameters_xml
[  0%] Built target mixer_gen_6dof
[  0%] Built target git_gps_devices
[  0%] [34m[1mGenerating ../../logs[0m
[  0%] Built target mixer_gen
[  0%] Built target git_mavlink_v2
[  0%] Built target output_functions_header
[  0%] Built target tinybson
[  0%] Built target logs_symlink
[  0%] Built target perf
[  1%] Built target events_json
[  1%] Built target MixerBase
[  3%] Built target work_queue
[  3%] Built target output_limit
[  3%] Built target geo
[ 23%] Built target uorb_msgs
[ 24%] Built target rc
[ 24%] Built target world_magnetic_model
[ 24%] Built target version
[ 24%] Built target component_general_json
[ 24%] Built target wind_estimator
[ 24%] Built target mavlink_c_generate
[ 25%] Built target MultirotorMixer
[ 26%] Built target SimpleMixer
[ 26%] Built target HelicopterMixer
[ 26%] Built target NullMixer
[ 27%] Built target romfs_gen_files_target
[ 28%] Built target mixer
[ 28%] Built target parameters
[ 28%] Built target px4_work_queue
[ 30%] Built target uORB
[ 32%] Built target px4_platform
[ 33%] Built target lockstep_scheduler
[ 33%] Built target px4_daemon
[ 34%] Built target px4_layer
[ 34%] Built target cdev
[ 35%] Built target circuit_breaker
[ 35%] Built target systemlib
[ 35%] Built target hysteresis
[ 35%] Built target drivers_barometer
[ 36%] Built target bezier
[ 36%] Built target airspeed
[ 36%] Built target conversion
[ 37%] Built target CollisionPrevention
[ 37%] Built target l1
[ 38%] Built target battery
[ 40%] Built target controllib
[ 40%] Built target landing_slope
[ 40%] Built target pid
[ 41%] Built target motion_planning
[ 41%] Built target lib__rc__rc_tests
[ 41%] Built target SystemIdentification
[ 41%] Built target mathlib
[ 41%] Built target sensor_calibration
[ 41%] Built target tecs
[ 42%] Built target mixer_module
[ 42%] Built target WeatherVane
[ 43%] Built target tunes
[ 43%] Built target arch_tone_alarm
[ 43%] Built target modules__uORB__uORB_tests
[ 43%] Built target lib__work_queue__test__wqueue_test
[ 44%] Built target drivers__camera_trigger
[ 46%] Built target drivers__gps
[ 46%] Built target modules__airspeed_selector
[ 46%] Built target modules__attitude_estimator_q
[ 46%] Built target modules__airship_att_control
[ 47%] Built target examples__rpm_simulator
[ 47%] Built target modules__camera_feedback
[ 47%] Built target failure_detector
[ 47%] Built target ArmAuthorization
[ 48%] Built target HealthFlags
[ 48%] Built target EKF2Utility
[ 48%] Built target ControlAllocation
[ 50%] Built target modules__events
[ 50%] Built target modules__commander__commander_tests
[ 51%] Built target modules__dataman
[ 52%] Built target launchdetection
[ 52%] Built target FlightTask
[ 53%] Built target modules__fw_att_control
[ 54%] Built target fw_autotune_attitude_control
[ 54%] Built target runway_takeoff
[ 54%] Built target modules__gyro_calibration
[ 55%] Built target modules__gyro_fft
[ 56%] Built target modules__land_detector
[ 57%] Built target modules__landing_target_estimator
[ 57%] Built target modules__load_mon
[ 57%] Built target modules__mag_bias_estimator
[ 58%] Built target modules__local_position_estimator
[ 58%] Built target module__manual_control
[ 58%] Built target AttitudeControl
[ 60%] Built target modules__logger
[ 61%] Built target mc_autotune_attitude_control
[ 61%] Built target zero_order_hover_thrust_ekf
[ 62%] Built target modules__mavlink__mavlink_tests
[ 62%] Built target PositionControl
[ 63%] Built target modules__replay
[ 63%] Built target Takeoff
[ 63%] Built target geofence_breach_avoidance
[ 63%] Built target RateControl
[ 63%] Built target modules__rc_update
[ 63%] Built target vehicle_acceleration
[ 63%] Built target modules__rover_pos_control
[ 63%] Built target data_validator
[ 64%] Built target vehicle_air_data
[ 64%] Built target vehicle_angular_velocity
[ 64%] Built target vehicle_imu
[ 64%] Built target vehicle_gps_position
[ 65%] Built target vehicle_magnetometer
[ 65%] Built target modules__uuv_att_control
[ 65%] Built target modules__uuv_pos_control
[ 65%] Built target modules__simulator__battery_simulator
[ 65%] Built target systemcmds__dyn
[ 66%] Built target systemcmds__esc_calib
[ 67%] Built target drivers__vmount
[ 68%] Built target modules__temperature_compensation
[ 70%] Built target modules__vtol_att_control
[ 70%] Built target systemcmds__mixer
[ 70%] Built target systemcmds__led_control
[ 70%] Built target systemcmds__failure
[ 70%] Built target systemcmds__motor_ramp
[ 70%] Built target systemcmds__param
[ 71%] Built target systemcmds__motor_test
[ 71%] Built target systemcmds__system_time
[ 71%] Built target systemcmds__pwm
[ 72%] Built target systemcmds__sd_bench
[ 72%] Built target systemcmds__perf
[ 72%] Built target systemcmds__shutdown
[ 72%] Built target systemcmds__topic_listener
[ 72%] Built target systemcmds__tests__hrt_test
[ 76%] Built target systemcmds__tests
[ 77%] Built target systemcmds__tune_control
[ 77%] Built target systemcmds__work_queue
[ 77%] Built target examples__fixedwing_control
[ 77%] Built target systemcmds__ver
[ 77%] Built target systemcmds__uorb
[ 77%] Built target modules__fake_gps
[ 77%] Built target examples__px4_simple_app
[ 78%] Built target examples__hello
[ 78%] Built target examples__px4_mavlink_debug
[ 78%] Built target examples__rover_steering_control
[ 78%] Built target examples__uuv_example_app
[ 78%] Built target lib__cdev__test__cdev_test
[ 78%] Built target drivers_magnetometer
[ 80%] Built target lib__controllib__controllib_test
[ 80%] Built target examples__work_item
[ 80%] Built target avoidance
[ 80%] Built target SlewRate
[ 80%] Built target drivers_accelerometer
[ 82%] Built target drivers__tone_alarm
[ 82%] Built target drivers__pwm_out_sim
[ 82%] Built target drivers_gyroscope
[ 82%] Built target ActuatorEffectiveness
[ 84%] Built target PreFlightCheck
[ 84%] Built target FlightTaskFailsafe
[ 84%] Built target FlightTaskDescend
[ 84%] Built target modules__mc_hover_thrust_estimator
[ 84%] Built target modules__mc_att_control
[ 84%] Built target modules__mc_pos_control
[ 84%] Built target modules__fw_pos_control_l1
[ 86%] Built target modules__ekf2
[ 86%] Built target modules__fake_imu
[ 87%] Built target modules__mc_rate_control
[ 87%] Built target modules__sensors
[ 88%] Built target modules__simulator
[ 88%] Built target modules__control_allocator
[ 90%] Built target modules__navigator
[ 90%] Built target FlightTaskUtility
[ 90%] Built target examples__fake_magnetometer
[ 92%] Built target modules__commander
[ 93%] Built target FlightTaskAuto
[ 93%] Built target FlightTaskTransition
[ 93%] Built target FlightTaskManualAltitude
[ 95%] Built target modules__mavlink
[ 95%] Built target FlightTaskManualAltitudeSmoothVel
[ 95%] Built target FlightTaskAutoFollowMe
[ 95%] Built target FlightTaskManualPosition
[ 96%] Built target FlightTaskOrbit
[ 97%] Built target FlightTaskManualAcceleration
[ 97%] Built target FlightTaskManualPositionSmoothVel
[ 98%] Built target modules__flight_mode_manager
[100%] Built target px4
[100%] Built target examples__dyn_hello
