[  0%] Built target events_header
[  0%] Built target flighttasks_generated
[  0%] Built target mixer_gen
[  0%] Built target ver_gen
[  0%] Built target output_functions_header
[  0%] Built target uorb_headers
[  0%] Built target drivers_board
[  0%] Built target git_gps_devices
[  0%] Built target git_mavlink_v2
[  0%] Built target mixer_gen_6dof
[  0%] Built target parameters_xml
[  0%] Built target tinybson
[  2%] Built target work_queue
[  2%] Built target perf
[  2%] Built target MixerBase
[  2%] [34m[1mGenerating ../../logs[0m
[  2%] Built target geo
[  2%] Built target output_limit
[  2%] Built target version
[  2%] Built target logs_symlink
[  3%] Built target events_json
[  3%] Built target world_magnetic_model
[  3%] Built target mavlink_c_generate
[  3%] Built target HelicopterMixer
[  3%] Built target wind_estimator
[  4%] Built target MultirotorMixer
[ 24%] Built target uorb_msgs
[ 24%] Built target NullMixer
[ 25%] Built target SimpleMixer
[ 25%] Built target component_general_json
[ 25%] Built target mixer
[ 26%] Built target romfs_gen_files_target
[ 27%] Built target parameters
[ 27%] Built target px4_work_queue
[ 28%] Built target uORB
[ 31%] Built target px4_platform
[ 32%] Built target lockstep_scheduler
[ 33%] Built target rc
[ 33%] Built target px4_daemon
[ 34%] Built target px4_layer
[ 34%] Built target cdev
[ 35%] Built target bezier
[ 35%] Built target airspeed
[ 35%] Built target hysteresis
[ 35%] Built target battery
[ 36%] Built target systemlib
[ 38%] Built target controllib
[ 38%] Built target conversion
[ 38%] Built target drivers_barometer
[ 40%] Built target CollisionPrevention
[ 41%] Built target l1
[ 41%] Built target mixer_module
[ 41%] Built target mathlib
[ 42%] Built target motion_planning
[ 42%] Built target pid
[ 42%] Built target lib__rc__rc_tests
[ 42%] Built target landing_slope
[ 42%] Built target arch_tone_alarm
[ 42%] Built target SystemIdentification
[ 42%] Built target WeatherVane
[ 42%] Built target sensor_calibration
[ 42%] Built target tecs
[ 42%] Built target modules__uORB__uORB_tests
[ 42%] Built target lib__work_queue__test__wqueue_test
[ 43%] Built target drivers__camera_trigger
[ 44%] Built target drivers__gps
[ 45%] Built target examples__rpm_simulator
[ 45%] Built target drivers__pwm_out_sim
[ 45%] Built target modules__airship_att_control
[ 46%] Built target modules__airspeed_selector
[ 46%] Built target modules__attitude_estimator_q
[ 46%] Built target modules__camera_feedback
[ 47%] Built target HealthFlags
[ 47%] Built target failure_detector
[ 47%] Built target ControlAllocation
[ 47%] Built target modules__commander__commander_tests
[ 47%] Built target ArmAuthorization
[ 48%] Built target modules__dataman
[ 48%] Built target EKF2Utility
[ 51%] Built target FlightTask
[ 51%] Built target fw_autotune_attitude_control
[ 51%] Built target modules__events
[ 52%] Built target modules__fw_att_control
[ 52%] Built target modules__gyro_calibration
[ 52%] Built target runway_takeoff
[ 53%] Built target launchdetection
[ 54%] Built target modules__land_detector
[ 55%] Built target modules__landing_target_estimator
[ 56%] Built target modules__gyro_fft
[ 56%] Built target module__manual_control
[ 56%] Built target modules__mag_bias_estimator
[ 57%] Built target modules__logger
[ 57%] Built target modules__load_mon
[ 58%] Built target modules__local_position_estimator
[ 58%] Built target AttitudeControl
[ 58%] Built target PositionControl
[ 60%] Built target modules__mavlink__mavlink_tests
[ 60%] Built target mc_autotune_attitude_control
[ 61%] Built target zero_order_hover_thrust_ekf
[ 61%] Built target circuit_breaker
[ 61%] Built target Takeoff
[ 61%] Built target RateControl
[ 62%] Built target modules__replay
[ 62%] Built target modules__rover_pos_control
[ 62%] Built target data_validator
[ 62%] Built target vehicle_acceleration
[ 62%] Built target vehicle_gps_position
[ 62%] Built target geofence_breach_avoidance
[ 62%] Built target modules__rc_update
[ 63%] Built target vehicle_air_data
[ 63%] Built target vehicle_imu
[ 64%] Built target vehicle_magnetometer
[ 64%] Built target modules__simulator__battery_simulator
[ 64%] Built target vehicle_angular_velocity
[ 64%] Built target modules__uuv_att_control
[ 65%] Built target modules__temperature_compensation
[ 66%] Built target drivers__vmount
[ 66%] Built target systemcmds__dyn
[ 66%] Built target modules__uuv_pos_control
[ 66%] Built target systemcmds__failure
[ 67%] Built target systemcmds__esc_calib
[ 68%] Built target modules__vtol_att_control
[ 68%] Built target systemcmds__led_control
[ 68%] Built target systemcmds__motor_ramp
[ 68%] Built target systemcmds__mixer
[ 70%] Built target systemcmds__motor_test
[ 70%] Built target systemcmds__param
[ 70%] Built target systemcmds__perf
[ 70%] Built target systemcmds__shutdown
[ 70%] Built target systemcmds__system_time
[ 70%] Built target systemcmds__tests__hrt_test
[ 70%] Built target systemcmds__topic_listener
[ 74%] Built target systemcmds__tests
[ 74%] Built target systemcmds__ver
[ 74%] Built target systemcmds__uorb
[ 74%] Built target systemcmds__pwm
[ 75%] Built target systemcmds__sd_bench
[ 75%] Built target systemcmds__work_queue
[ 75%] Built target examples__fixedwing_control
[ 75%] Built target examples__px4_mavlink_debug
[ 76%] Built target examples__hello
[ 76%] Built target examples__uuv_example_app
[ 76%] Built target modules__fake_gps
[ 76%] Built target examples__px4_simple_app
[ 76%] Built target examples__work_item
[ 76%] Built target avoidance
[ 76%] Built target lib__cdev__test__cdev_test
[ 77%] Built target lib__controllib__controllib_test
[ 77%] Built target examples__rover_steering_control
[ 77%] Built target drivers_accelerometer
[ 78%] Built target drivers_gyroscope
[ 78%] Built target drivers_magnetometer
[ 78%] Built target SlewRate
[ 83%] Built target modules__ekf2
[ 83%] Built target PreFlightCheck
[ 83%] Built target FlightTaskDescend
[ 83%] Built target modules__mc_att_control
[ 83%] Built target FlightTaskFailsafe
[ 83%] Built target modules__mc_hover_thrust_estimator
[ 84%] Built target tunes
[ 84%] Built target modules__fw_pos_control_l1
[ 85%] Built target modules__mc_rate_control
[ 86%] Built target modules__navigator
[ 86%] Built target ActuatorEffectiveness
[ 87%] Built target modules__simulator
[ 87%] Built target modules__sensors
[ 87%] Built target examples__fake_magnetometer
[ 87%] Built target modules__fake_imu
[ 88%] Built target drivers__tone_alarm
[ 91%] Built target modules__commander
[ 91%] Built target FlightTaskUtility
[ 92%] Built target systemcmds__tune_control
[ 92%] Built target modules__control_allocator
[ 93%] Built target FlightTaskAuto
[ 93%] Built target FlightTaskTransition
[ 93%] Built target FlightTaskManualAltitude
[ 93%] Built target modules__mc_pos_control
[ 93%] Built target FlightTaskAutoFollowMe
[ 94%] Built target FlightTaskManualPosition
[ 95%] Built target modules__mavlink
[ 95%] Built target FlightTaskManualAltitudeSmoothVel
[ 96%] Built target FlightTaskOrbit
[ 96%] Built target FlightTaskManualPositionSmoothVel
[ 97%] Built target FlightTaskManualAcceleration
[ 98%] Built target modules__flight_mode_manager
[100%] Built target px4
[100%] Built target examples__dyn_hello
