[  0%] Built target mixer_gen
[  0%] Built target mixer_gen_6dof
[  0%] Built target git_mavlink_v2
[  0%] Built target output_functions_header
[  0%] Built target drivers_board
[  0%] Built target events_header
[  0%] Built target git_gps_devices
[  0%] Built target uorb_headers
[  0%] Built target ver_gen
[  0%] [34m[1mGenerating ../../logs[0m
[  0%] Built target flighttasks_generated
[  0%] Built target parameters_xml
[  0%] Built target logs_symlink
[  0%] Built target perf
[  1%] Built target tinybson
[  1%] Built target MixerBase
[  3%] Built target work_queue
[  4%] Built target rc
[  4%] Built target version
[  4%] Built target events_json
[  4%] Built target world_magnetic_model
[  4%] Built target wind_estimator
[  4%] Built target output_limit
[  5%] Built target NullMixer
[  5%] Built target MultirotorMixer
[  5%] Built target SimpleMixer
[  5%] Built target component_general_json
[  6%] Built target HelicopterMixer
[  7%] Built target romfs_gen_files_target
[ 15%] Built target mixer
[ 27%] Built target uorb_msgs
[ 29%] Built target parameters
[ 29%] Built target px4_work_queue
[ 30%] Built target uORB
[ 31%] Built target px4_platform
[ 32%] Built target geo
[ 33%] Built target lockstep_scheduler
[ 34%] Built target px4_daemon
[ 35%] Built target px4_layer
[ 36%] Built target cdev
[ 36%] Built target airspeed
[ 36%] Built target circuit_breaker
[ 36%] Built target hysteresis
[ 36%] Built target systemlib
[ 37%] Built target conversion
[ 37%] Built target battery
[ 38%] Built target CollisionPrevention
[ 38%] Built target l1
[ 38%] Built target bezier
[ 39%] Built target controllib
[ 40%] Built target drivers_barometer
[ 40%] Built target mathlib
[ 40%] Built target pid
[ 41%] Built target motion_planning
[ 41%] Built target mixer_module
[ 41%] Built target landing_slope
[ 43%] Built target SystemIdentification
[ 44%] Built target tecs
[ 44%] Built target sensor_calibration
[ 44%] Built target tunes
[ 44%] Built target WeatherVane
[ 45%] Built target arch_tone_alarm
[ 46%] Built target lib__rc__rc_tests
[ 46%] Built target lib__work_queue__test__wqueue_test
[ 47%] Built target drivers__camera_trigger
[ 48%] Built target drivers__pwm_out_sim
[ 48%] Built target modules__uORB__uORB_tests
[ 49%] Built target drivers__gps
[ 50%] Built target modules__airship_att_control
[ 50%] Built target modules__attitude_estimator_q
[ 50%] Built target modules__airspeed_selector
[ 50%] Built target modules__camera_feedback
[ 50%] Built target ArmAuthorization
[ 50%] Built target HealthFlags
[ 50%] Built target failure_detector
[ 51%] Built target examples__rpm_simulator
[ 52%] Built target modules__commander__commander_tests
[ 52%] Built target modules__dataman
[ 52%] Built target FlightTask
[ 52%] Built target modules__events
[ 52%] Built target EKF2Utility
[ 53%] Built target launchdetection
[ 53%] Built target drivers__device
[ 53%] Built target runway_takeoff
[ 54%] Built target modules__fw_att_control
[ 56%] Built target modules__gyro_fft
[ 56%] Built target modules__gyro_calibration
[ 58%] Built target fw_autotune_attitude_control
[ 58%] Built target modules__land_detector
[ 58%] Built target AttitudeControl
[ 58%] Built target modules__load_mon
[ 58%] Built target modules__mag_bias_estimator
[ 59%] Built target modules__logger
[ 59%] Built target modules__landing_target_estimator
[ 60%] Built target modules__local_position_estimator
[ 60%] Built target mc_autotune_attitude_control
[ 61%] Built target zero_order_hover_thrust_ekf
[ 61%] Built target PositionControl
[ 61%] Built target Takeoff
[ 61%] Built target ControlAllocation
[ 62%] Built target modules__mavlink__mavlink_tests
[ 62%] Built target RateControl
[ 62%] Built target geofence_breach_avoidance
[ 62%] Built target modules__rc_update
[ 62%] Built target data_validator
[ 62%] Built target modules__replay
[ 62%] Built target vehicle_angular_velocity
[ 62%] Built target vehicle_acceleration
[ 63%] Built target vehicle_air_data
[ 63%] Built target vehicle_gps_position
[ 63%] Built target vehicle_imu
[ 64%] Built target vehicle_magnetometer
[ 64%] Built target modules__simulator__battery_simulator
[ 64%] Built target modules__uuv_pos_control
[ 65%] Built target systemcmds__dyn
[ 66%] Built target drivers__vmount
[ 67%] Built target modules__temperature_compensation
[ 67%] Built target systemcmds__esc_calib
[ 67%] Built target systemcmds__failure
[ 67%] Built target modules__vtol_att_control
[ 67%] Built target modules__rover_pos_control
[ 67%] Built target systemcmds__led_control
[ 67%] Built target systemcmds__motor_test
[ 67%] Built target systemcmds__mixer
[ 68%] Built target systemcmds__motor_ramp
[ 68%] Built target systemcmds__perf
[ 68%] Built target systemcmds__param
[ 69%] Built target systemcmds__pwm
[ 69%] Built target systemcmds__sd_bench
[ 69%] Built target systemcmds__shutdown
[ 69%] Built target systemcmds__system_time
[ 69%] Built target systemcmds__uorb
[ 69%] Built target systemcmds__tests__hrt_test
[ 69%] Built target systemcmds__tune_control
[ 69%] Built target systemcmds__ver
[ 70%] Built target systemcmds__work_queue
[ 72%] Built target modules__fake_gps
[ 73%] Built target examples__fixedwing_control
[ 76%] Built target systemcmds__tests
[ 77%] Built target systemcmds__topic_listener
[ 78%] Built target examples__px4_mavlink_debug
[ 78%] Built target examples__hello
[ 78%] Built target examples__px4_simple_app
[ 78%] Built target examples__uuv_example_app
[ 78%] Built target examples__rover_steering_control
[ 78%] Built target lib__cdev__test__cdev_test
[ 78%] Built target examples__work_item
[ 78%] Built target lib__controllib__controllib_test
[ 78%] Built target drivers_accelerometer
[ 78%] Built target SlewRate
[ 79%] Built target drivers_magnetometer
[ 79%] Built target avoidance
[ 79%] Built target drivers_gyroscope
[ 79%] Built target ActuatorEffectiveness
[ 79%] Built target drivers__tone_alarm
[ 80%] Built target FlightTaskDescend
[ 80%] Built target FlightTaskFailsafe
[ 80%] Built target modules__fw_pos_control_l1
[ 83%] Built target modules__ekf2
[ 83%] Built target modules__mc_att_control
[ 86%] Built target PreFlightCheck
[ 87%] Built target modules__mc_rate_control
[ 87%] Built target modules__mc_pos_control
[ 87%] Built target modules__mc_hover_thrust_estimator
[ 88%] Built target modules__sensors
[ 88%] Built target examples__fake_magnetometer
[ 90%] Built target modules__navigator
[ 90%] Built target modules__simulator
[ 91%] Built target FlightTaskUtility
[ 91%] Built target modules__control_allocator
[ 91%] Built target modules__fake_imu
[ 93%] Built target modules__commander
[ 93%] Built target FlightTaskTransition
[ 93%] Built target FlightTaskManualAltitude
[ 94%] Built target FlightTaskAuto
[ 95%] Built target modules__uuv_att_control
[ 97%] Built target modules__mavlink
[ 98%] Built target FlightTaskManualPosition
[ 98%] Built target FlightTaskAutoMapper
[ 98%] Built target FlightTaskAutoFollowMe
[ 98%] Built target FlightTaskManualAltitudeSmoothVel
[ 98%] Built target FlightTaskManualPositionSmoothVel
[ 98%] Built target FlightTaskAutoLineSmoothVel
[ 98%] Built target FlightTaskOrbit
[ 98%] Built target FlightTaskManualAcceleration
[ 98%] Built target modules__flight_mode_manager
[100%] Built target px4
[100%] Built target examples__dyn_hello
