Symlinking /home/ch13f_1419/E-Yantra/SS_1302_WS/devel/share/px4/cmake/px4Config.cmake
Symlinking /home/ch13f_1419/E-Yantra/SS_1302_WS/devel/share/px4/cmake/px4Config-version.cmake
Symlinking /home/ch13f_1419/E-Yantra/SS_1302_WS/devel/lib/libairspeed.a
Symlinking /home/ch13f_1419/E-Yantra/SS_1302_WS/devel/lib/libmodules__replay.a
Symlinking /home/ch13f_1419/E-Yantra/SS_1302_WS/devel/lib/libvehicle_gps_position.a
Symlinking /home/ch13f_1419/E-Yantra/SS_1302_WS/devel/lib/libHelicopterMixer.a
Symlinking /home/ch13f_1419/E-Yantra/SS_1302_WS/devel/lib/libmc_autotune_attitude_control.a
Symlinking /home/ch13f_1419/E-Yantra/SS_1302_WS/devel/lib/libmodules__flight_mode_manager.a
Symlinking /home/ch13f_1419/E-Yantra/SS_1302_WS/devel/lib/libcircuit_breaker.a
Symlinking /home/ch13f_1419/E-Yantra/SS_1302_WS/devel/lib/libdrivers__vmount.a
Symlinking /home/ch13f_1419/E-Yantra/SS_1302_WS/devel/lib/libsystemcmds__pwm.a
Symlinking /home/ch13f_1419/E-Yantra/SS_1302_WS/devel/lib/libsystemcmds__mixer.a
Symlinking /home/ch13f_1419/E-Yantra/SS_1302_WS/devel/lib/libmodules__navigator.a
Symlinking /home/ch13f_1419/E-Yantra/SS_1302_WS/devel/lib/libFlightTaskUtility.a
Symlinking /home/ch13f_1419/E-Yantra/SS_1302_WS/devel/lib/libmodules__local_position_estimator.a
Symlinking /home/ch13f_1419/E-Yantra/SS_1302_WS/devel/lib/libwind_estimator.a
Symlinking /home/ch13f_1419/E-Yantra/SS_1302_WS/devel/lib/libtinybson.a
Symlinking /home/ch13f_1419/E-Yantra/SS_1302_WS/devel/lib/libfw_autotune_attitude_control.a
Symlinking /home/ch13f_1419/E-Yantra/SS_1302_WS/devel/lib/liblaunchdetection.a
Symlinking /home/ch13f_1419/E-Yantra/SS_1302_WS/devel/lib/libPositionControl.a
Symlinking /home/ch13f_1419/E-Yantra/SS_1302_WS/devel/lib/libmodules__uORB__uORB_tests.a
Symlinking /home/ch13f_1419/E-Yantra/SS_1302_WS/devel/lib/libmodules__camera_feedback.a
Symlinking /home/ch13f_1419/E-Yantra/SS_1302_WS/devel/lib/libTakeoff.a
Symlinking /home/ch13f_1419/E-Yantra/SS_1302_WS/devel/lib/librunway_takeoff.a
Symlinking /home/ch13f_1419/E-Yantra/SS_1302_WS/devel/lib/libSystemIdentification.a
Symlinking /home/ch13f_1419/E-Yantra/SS_1302_WS/devel/lib/libl1.a
Symlinking /home/ch13f_1419/E-Yantra/SS_1302_WS/devel/lib/libSlewRate.a
Symlinking /home/ch13f_1419/E-Yantra/SS_1302_WS/devel/lib/libmodules__mc_hover_thrust_estimator.a
Symlinking /home/ch13f_1419/E-Yantra/SS_1302_WS/devel/lib/libpx4_work_queue.a
Symlinking /home/ch13f_1419/E-Yantra/SS_1302_WS/devel/lib/libsystemcmds__led_control.a
Symlinking /home/ch13f_1419/E-Yantra/SS_1302_WS/devel/lib/libexamples__rover_steering_control.a
Symlinking /home/ch13f_1419/E-Yantra/SS_1302_WS/devel/lib/libAttitudeControl.a
Symlinking /home/ch13f_1419/E-Yantra/SS_1302_WS/devel/lib/libmodules__ekf2.a
Symlinking /home/ch13f_1419/E-Yantra/SS_1302_WS/devel/lib/libmodules__rc_update.a
Symlinking /home/ch13f_1419/E-Yantra/SS_1302_WS/devel/lib/libexamples__rpm_simulator.a
Symlinking /home/ch13f_1419/E-Yantra/SS_1302_WS/devel/lib/libFlightTaskOrbit.a
Symlinking /home/ch13f_1419/E-Yantra/SS_1302_WS/devel/lib/libmodules__simulator__battery_simulator.a
Symlinking /home/ch13f_1419/E-Yantra/SS_1302_WS/devel/lib/libparameters.a
Symlinking /home/ch13f_1419/E-Yantra/SS_1302_WS/devel/lib/libsystemcmds__tests__hrt_test.a
Symlinking /home/ch13f_1419/E-Yantra/SS_1302_WS/devel/lib/libmodules__fake_gps.a
Symlinking /home/ch13f_1419/E-Yantra/SS_1302_WS/devel/lib/libcontrollib.a
Symlinking /home/ch13f_1419/E-Yantra/SS_1302_WS/devel/lib/libControlAllocation.a
Symlinking /home/ch13f_1419/E-Yantra/SS_1302_WS/devel/lib/liblib__cdev__test__cdev_test.a
Symlinking /home/ch13f_1419/E-Yantra/SS_1302_WS/devel/lib/libsystemcmds__tune_control.a
Symlinking /home/ch13f_1419/E-Yantra/SS_1302_WS/devel/lib/libgeofence_breach_avoidance.a
Symlinking /home/ch13f_1419/E-Yantra/SS_1302_WS/devel/lib/libmodules__uuv_att_control.a
Symlinking /home/ch13f_1419/E-Yantra/SS_1302_WS/devel/lib/libpx4_layer.a
Symlinking /home/ch13f_1419/E-Yantra/SS_1302_WS/devel/lib/libmodules__commander.a
Symlinking /home/ch13f_1419/E-Yantra/SS_1302_WS/devel/lib/libHealthFlags.a
Symlinking /home/ch13f_1419/E-Yantra/SS_1302_WS/devel/lib/libSimpleMixer.a
Symlinking /home/ch13f_1419/E-Yantra/SS_1302_WS/devel/lib/libsystemcmds__ver.a
Symlinking /home/ch13f_1419/E-Yantra/SS_1302_WS/devel/lib/libmodules__uuv_pos_control.a
Symlinking /home/ch13f_1419/E-Yantra/SS_1302_WS/devel/lib/libsystemcmds__dyn.a
Symlinking /home/ch13f_1419/E-Yantra/SS_1302_WS/devel/lib/libdrivers__camera_trigger.a
Symlinking /home/ch13f_1419/E-Yantra/SS_1302_WS/devel/lib/libmodules__fw_att_control.a
Symlinking /home/ch13f_1419/E-Yantra/SS_1302_WS/devel/lib/libMixerBase.a
Symlinking /home/ch13f_1419/E-Yantra/SS_1302_WS/devel/lib/libmodules__logger.a
Symlinking /home/ch13f_1419/E-Yantra/SS_1302_WS/devel/lib/libmodules__landing_target_estimator.a
Symlinking /home/ch13f_1419/E-Yantra/SS_1302_WS/devel/lib/libArmAuthorization.a
Symlinking /home/ch13f_1419/E-Yantra/SS_1302_WS/devel/lib/libmodules__mc_pos_control.a
Symlinking /home/ch13f_1419/E-Yantra/SS_1302_WS/devel/lib/libFlightTaskFailsafe.a
Symlinking /home/ch13f_1419/E-Yantra/SS_1302_WS/devel/lib/libmodules__load_mon.a
Symlinking /home/ch13f_1419/E-Yantra/SS_1302_WS/devel/lib/libmodules__dataman.a
Symlinking /home/ch13f_1419/E-Yantra/SS_1302_WS/devel/lib/libsystemlib.a
Symlinking /home/ch13f_1419/E-Yantra/SS_1302_WS/devel/lib/libsystemcmds__shutdown.a
Symlinking /home/ch13f_1419/E-Yantra/SS_1302_WS/devel/lib/libdrivers_gyroscope.a
Symlinking /home/ch13f_1419/E-Yantra/SS_1302_WS/devel/lib/libmixer.a
Symlinking /home/ch13f_1419/E-Yantra/SS_1302_WS/devel/lib/libworld_magnetic_model.a
Symlinking /home/ch13f_1419/E-Yantra/SS_1302_WS/devel/lib/libWeatherVane.a
Symlinking /home/ch13f_1419/E-Yantra/SS_1302_WS/devel/lib/libmixer_module.a
Symlinking /home/ch13f_1419/E-Yantra/SS_1302_WS/devel/lib/libFlightTaskManualPosition.a
Symlinking /home/ch13f_1419/E-Yantra/SS_1302_WS/devel/lib/examples__dyn_hello.px4mod
Symlinking /home/ch13f_1419/E-Yantra/SS_1302_WS/devel/lib/libmodules__mavlink.a
Symlinking /home/ch13f_1419/E-Yantra/SS_1302_WS/devel/lib/libmodules__mavlink__mavlink_tests.a
Symlinking /home/ch13f_1419/E-Yantra/SS_1302_WS/devel/lib/libhysteresis.a
Symlinking /home/ch13f_1419/E-Yantra/SS_1302_WS/devel/lib/libperf.a
Symlinking /home/ch13f_1419/E-Yantra/SS_1302_WS/devel/lib/libsystemcmds__system_time.a
Symlinking /home/ch13f_1419/E-Yantra/SS_1302_WS/devel/lib/libmodule__manual_control.a
Symlinking /home/ch13f_1419/E-Yantra/SS_1302_WS/devel/lib/libtunes.a
Symlinking /home/ch13f_1419/E-Yantra/SS_1302_WS/devel/lib/libexamples__fixedwing_control.a
Symlinking /home/ch13f_1419/E-Yantra/SS_1302_WS/devel/lib/libPreFlightCheck.a
Symlinking /home/ch13f_1419/E-Yantra/SS_1302_WS/devel/lib/libsystemcmds__work_queue.a
Symlinking /home/ch13f_1419/E-Yantra/SS_1302_WS/devel/lib/libexamples__px4_simple_app.a
Symlinking /home/ch13f_1419/E-Yantra/SS_1302_WS/devel/lib/libexamples__uuv_example_app.a
Symlinking /home/ch13f_1419/E-Yantra/SS_1302_WS/devel/lib/liblanding_slope.a
Symlinking /home/ch13f_1419/E-Yantra/SS_1302_WS/devel/lib/libexamples__fake_magnetometer.a
Symlinking /home/ch13f_1419/E-Yantra/SS_1302_WS/devel/lib/libmodules__sensors.a
Symlinking /home/ch13f_1419/E-Yantra/SS_1302_WS/devel/lib/libFlightTaskAutoLineSmoothVel.a
Symlinking /home/ch13f_1419/E-Yantra/SS_1302_WS/devel/lib/libzero_order_hover_thrust_ekf.a
Symlinking /home/ch13f_1419/E-Yantra/SS_1302_WS/devel/lib/liblib__work_queue__test__wqueue_test.a
Symlinking /home/ch13f_1419/E-Yantra/SS_1302_WS/devel/lib/libfailure_detector.a
Symlinking /home/ch13f_1419/E-Yantra/SS_1302_WS/devel/lib/libsystemcmds__motor_test.a
Symlinking /home/ch13f_1419/E-Yantra/SS_1302_WS/devel/lib/libFlightTaskAutoFollowMe.a
Symlinking /home/ch13f_1419/E-Yantra/SS_1302_WS/devel/lib/libwork_queue.a
Symlinking /home/ch13f_1419/E-Yantra/SS_1302_WS/devel/lib/libmodules__airspeed_selector.a
Symlinking /home/ch13f_1419/E-Yantra/SS_1302_WS/devel/lib/libFlightTaskAuto.a
Symlinking /home/ch13f_1419/E-Yantra/SS_1302_WS/devel/lib/libmodules__gyro_fft.a
Symlinking /home/ch13f_1419/E-Yantra/SS_1302_WS/devel/lib/libdrivers__gps.a
Symlinking /home/ch13f_1419/E-Yantra/SS_1302_WS/devel/lib/libmodules__fw_pos_control_l1.a
Symlinking /home/ch13f_1419/E-Yantra/SS_1302_WS/devel/lib/libsystemcmds__sd_bench.a
Symlinking /home/ch13f_1419/E-Yantra/SS_1302_WS/devel/lib/libvehicle_imu.a
Symlinking /home/ch13f_1419/E-Yantra/SS_1302_WS/devel/lib/libMultirotorMixer.a
Symlinking /home/ch13f_1419/E-Yantra/SS_1302_WS/devel/lib/libuorb_msgs.a
Symlinking /home/ch13f_1419/E-Yantra/SS_1302_WS/devel/lib/libdrivers__pwm_out_sim.a
Symlinking /home/ch13f_1419/E-Yantra/SS_1302_WS/devel/lib/liblib__controllib__controllib_test.a
Symlinking /home/ch13f_1419/E-Yantra/SS_1302_WS/devel/lib/libmodules__airship_att_control.a
Symlinking /home/ch13f_1419/E-Yantra/SS_1302_WS/devel/lib/librc.a
Symlinking /home/ch13f_1419/E-Yantra/SS_1302_WS/devel/lib/libdrivers_magnetometer.a
Symlinking /home/ch13f_1419/E-Yantra/SS_1302_WS/devel/lib/libmodules__temperature_compensation.a
Symlinking /home/ch13f_1419/E-Yantra/SS_1302_WS/devel/lib/libvehicle_magnetometer.a
Symlinking /home/ch13f_1419/E-Yantra/SS_1302_WS/devel/lib/libdrivers_barometer.a
Symlinking /home/ch13f_1419/E-Yantra/SS_1302_WS/devel/lib/libmodules__rover_pos_control.a
Symlinking /home/ch13f_1419/E-Yantra/SS_1302_WS/devel/lib/libEKF2Utility.a
Symlinking /home/ch13f_1419/E-Yantra/SS_1302_WS/devel/lib/liboutput_limit.a
Symlinking /home/ch13f_1419/E-Yantra/SS_1302_WS/devel/lib/libmodules__mc_att_control.a
Symlinking /home/ch13f_1419/E-Yantra/SS_1302_WS/devel/lib/libvehicle_air_data.a
Symlinking /home/ch13f_1419/E-Yantra/SS_1302_WS/devel/lib/libgeo.a
Symlinking /home/ch13f_1419/E-Yantra/SS_1302_WS/devel/lib/libFlightTaskManualAcceleration.a
Symlinking /home/ch13f_1419/E-Yantra/SS_1302_WS/devel/lib/libmodules__simulator.a
Symlinking /home/ch13f_1419/E-Yantra/SS_1302_WS/devel/lib/libCollisionPrevention.a
Symlinking /home/ch13f_1419/E-Yantra/SS_1302_WS/devel/lib/libavoidance.a
Symlinking /home/ch13f_1419/E-Yantra/SS_1302_WS/devel/lib/libmodules__gyro_calibration.a
Symlinking /home/ch13f_1419/E-Yantra/SS_1302_WS/devel/lib/libdata_validator.a
Symlinking /home/ch13f_1419/E-Yantra/SS_1302_WS/devel/lib/libFlightTask.a
Symlinking /home/ch13f_1419/E-Yantra/SS_1302_WS/devel/lib/libexamples__px4_mavlink_debug.a
Symlinking /home/ch13f_1419/E-Yantra/SS_1302_WS/devel/lib/libsystemcmds__tests.a
Symlinking /home/ch13f_1419/E-Yantra/SS_1302_WS/devel/lib/libvehicle_acceleration.a
Symlinking /home/ch13f_1419/E-Yantra/SS_1302_WS/devel/lib/libpid.a
Symlinking /home/ch13f_1419/E-Yantra/SS_1302_WS/devel/lib/libuORB.a
Symlinking /home/ch13f_1419/E-Yantra/SS_1302_WS/devel/lib/liblib__rc__rc_tests.a
Symlinking /home/ch13f_1419/E-Yantra/SS_1302_WS/devel/lib/libexamples__hello.a
Symlinking /home/ch13f_1419/E-Yantra/SS_1302_WS/devel/lib/libmodules__vtol_att_control.a
Symlinking /home/ch13f_1419/E-Yantra/SS_1302_WS/devel/lib/libsensor_calibration.a
Symlinking /home/ch13f_1419/E-Yantra/SS_1302_WS/devel/lib/libbattery.a
Symlinking /home/ch13f_1419/E-Yantra/SS_1302_WS/devel/lib/libbezier.a
Symlinking /home/ch13f_1419/E-Yantra/SS_1302_WS/devel/lib/libsystemcmds__motor_ramp.a
Symlinking /home/ch13f_1419/E-Yantra/SS_1302_WS/devel/lib/libFlightTaskManualAltitudeSmoothVel.a
Symlinking /home/ch13f_1419/E-Yantra/SS_1302_WS/devel/lib/libNullMixer.a
Symlinking /home/ch13f_1419/E-Yantra/SS_1302_WS/devel/lib/libsystemcmds__param.a
Symlinking /home/ch13f_1419/E-Yantra/SS_1302_WS/devel/lib/libsystemcmds__esc_calib.a
Symlinking /home/ch13f_1419/E-Yantra/SS_1302_WS/devel/lib/libtecs.a
Symlinking /home/ch13f_1419/E-Yantra/SS_1302_WS/devel/lib/libmodules__land_detector.a
Symlinking /home/ch13f_1419/E-Yantra/SS_1302_WS/devel/lib/libvehicle_angular_velocity.a
Symlinking /home/ch13f_1419/E-Yantra/SS_1302_WS/devel/lib/libconversion.a
Symlinking /home/ch13f_1419/E-Yantra/SS_1302_WS/devel/lib/libarch_tone_alarm.a
Symlinking /home/ch13f_1419/E-Yantra/SS_1302_WS/devel/lib/libFlightTaskTransition.a
Symlinking /home/ch13f_1419/E-Yantra/SS_1302_WS/devel/lib/libFlightTaskManualPositionSmoothVel.a
Symlinking /home/ch13f_1419/E-Yantra/SS_1302_WS/devel/lib/libmodules__commander__commander_tests.a
Symlinking /home/ch13f_1419/E-Yantra/SS_1302_WS/devel/lib/libmodules__control_allocator.a
Symlinking /home/ch13f_1419/E-Yantra/SS_1302_WS/devel/lib/libmodules__fake_imu.a
Symlinking /home/ch13f_1419/E-Yantra/SS_1302_WS/devel/lib/libsystemcmds__topic_listener.a
Symlinking /home/ch13f_1419/E-Yantra/SS_1302_WS/devel/lib/libFlightTaskDescend.a
Symlinking /home/ch13f_1419/E-Yantra/SS_1302_WS/devel/lib/libmodules__events.a
Symlinking /home/ch13f_1419/E-Yantra/SS_1302_WS/devel/lib/libmathlib.a
Symlinking /home/ch13f_1419/E-Yantra/SS_1302_WS/devel/lib/libFlightTaskManualAltitude.a
Symlinking /home/ch13f_1419/E-Yantra/SS_1302_WS/devel/lib/libActuatorEffectiveness.a
Symlinking /home/ch13f_1419/E-Yantra/SS_1302_WS/devel/lib/libdrivers_accelerometer.a
Symlinking /home/ch13f_1419/E-Yantra/SS_1302_WS/devel/lib/libexamples__work_item.a
Symlinking /home/ch13f_1419/E-Yantra/SS_1302_WS/devel/lib/libcdev.a
Symlinking /home/ch13f_1419/E-Yantra/SS_1302_WS/devel/lib/libsystemcmds__perf.a
Symlinking /home/ch13f_1419/E-Yantra/SS_1302_WS/devel/lib/libmodules__mag_bias_estimator.a
Symlinking /home/ch13f_1419/E-Yantra/SS_1302_WS/devel/lib/libpx4_platform.a
Symlinking /home/ch13f_1419/E-Yantra/SS_1302_WS/devel/lib/libmotion_planning.a
Symlinking /home/ch13f_1419/E-Yantra/SS_1302_WS/devel/lib/libmodules__mc_rate_control.a
Symlinking /home/ch13f_1419/E-Yantra/SS_1302_WS/devel/lib/libsystemcmds__failure.a
Symlinking /home/ch13f_1419/E-Yantra/SS_1302_WS/devel/lib/libRateControl.a
Symlinking /home/ch13f_1419/E-Yantra/SS_1302_WS/devel/lib/libdrivers__tone_alarm.a
Symlinking /home/ch13f_1419/E-Yantra/SS_1302_WS/devel/lib/liblockstep_scheduler.a
Symlinking /home/ch13f_1419/E-Yantra/SS_1302_WS/devel/lib/libmodules__attitude_estimator_q.a
Symlinking /home/ch13f_1419/E-Yantra/SS_1302_WS/devel/lib/libpx4_daemon.a
Symlinking /home/ch13f_1419/E-Yantra/SS_1302_WS/devel/lib/libsystemcmds__uorb.a
Symlinking /home/ch13f_1419/E-Yantra/SS_1302_WS/devel/lib/libdrivers_board.a
Symlinking /home/ch13f_1419/E-Yantra/SS_1302_WS/devel/lib/libversion.a
Symlinking /home/ch13f_1419/E-Yantra/SS_1302_WS/devel/lib/pkgconfig/px4.pc
Symlinking /home/ch13f_1419/E-Yantra/SS_1302_WS/devel/lib/px4/px4-logger
Symlinking /home/ch13f_1419/E-Yantra/SS_1302_WS/devel/lib/px4/px4-send_event
Symlinking /home/ch13f_1419/E-Yantra/SS_1302_WS/devel/lib/px4/px4-fake_gps
Symlinking /home/ch13f_1419/E-Yantra/SS_1302_WS/devel/lib/px4/px4-mc_autotune_attitude_control
Symlinking /home/ch13f_1419/E-Yantra/SS_1302_WS/devel/lib/px4/px4-shutdown
Symlinking /home/ch13f_1419/E-Yantra/SS_1302_WS/devel/lib/px4/px4-uuv_pos_control
Symlinking /home/ch13f_1419/E-Yantra/SS_1302_WS/devel/lib/px4/px4-gyro_fft
Symlinking /home/ch13f_1419/E-Yantra/SS_1302_WS/devel/lib/px4/px4-motor_ramp
Symlinking /home/ch13f_1419/E-Yantra/SS_1302_WS/devel/lib/px4/px4-ver
Symlinking /home/ch13f_1419/E-Yantra/SS_1302_WS/devel/lib/px4/px4-ekf2
Symlinking /home/ch13f_1419/E-Yantra/SS_1302_WS/devel/lib/px4/px4-mixer
Symlinking /home/ch13f_1419/E-Yantra/SS_1302_WS/devel/lib/px4/px4-vtol_att_control
Symlinking /home/ch13f_1419/E-Yantra/SS_1302_WS/devel/lib/px4/px4-mag_bias_estimator
Symlinking /home/ch13f_1419/E-Yantra/SS_1302_WS/devel/lib/px4/px4-px4_mavlink_debug
Symlinking /home/ch13f_1419/E-Yantra/SS_1302_WS/devel/lib/px4/px4-control_allocator
Symlinking /home/ch13f_1419/E-Yantra/SS_1302_WS/devel/lib/px4/px4-camera_feedback
Symlinking /home/ch13f_1419/E-Yantra/SS_1302_WS/devel/lib/px4/px4-vmount
Symlinking /home/ch13f_1419/E-Yantra/SS_1302_WS/devel/lib/px4/px4-param
Symlinking /home/ch13f_1419/E-Yantra/SS_1302_WS/devel/lib/px4/px4-attitude_estimator_q
Symlinking /home/ch13f_1419/E-Yantra/SS_1302_WS/devel/lib/px4/px4-fake_magnetometer
Symlinking /home/ch13f_1419/E-Yantra/SS_1302_WS/devel/lib/px4/px4-camera_trigger
Symlinking /home/ch13f_1419/E-Yantra/SS_1302_WS/devel/lib/px4/px4-airship_att_control
Symlinking /home/ch13f_1419/E-Yantra/SS_1302_WS/devel/lib/px4/px4-wqueue_test
Symlinking /home/ch13f_1419/E-Yantra/SS_1302_WS/devel/lib/px4/px4-temperature_compensation
Symlinking /home/ch13f_1419/E-Yantra/SS_1302_WS/devel/lib/px4/px4-local_position_estimator
Symlinking /home/ch13f_1419/E-Yantra/SS_1302_WS/devel/lib/px4/px4-mavlink_tests
Symlinking /home/ch13f_1419/E-Yantra/SS_1302_WS/devel/lib/px4/px4-uuv_att_control
Symlinking /home/ch13f_1419/E-Yantra/SS_1302_WS/devel/lib/px4/px4-gps
Symlinking /home/ch13f_1419/E-Yantra/SS_1302_WS/devel/lib/px4/px4-pwm
Symlinking /home/ch13f_1419/E-Yantra/SS_1302_WS/devel/lib/px4/px4-hrt_test
Symlinking /home/ch13f_1419/E-Yantra/SS_1302_WS/devel/lib/px4/px4-rc_tests
Symlinking /home/ch13f_1419/E-Yantra/SS_1302_WS/devel/lib/px4/px4-listener
Symlinking /home/ch13f_1419/E-Yantra/SS_1302_WS/devel/lib/px4/px4-uorb
Symlinking /home/ch13f_1419/E-Yantra/SS_1302_WS/devel/lib/px4/px4-landing_target_estimator
Symlinking /home/ch13f_1419/E-Yantra/SS_1302_WS/devel/lib/px4/px4-uorb_tests
Symlinking /home/ch13f_1419/E-Yantra/SS_1302_WS/devel/lib/px4/px4-tone_alarm
Symlinking /home/ch13f_1419/E-Yantra/SS_1302_WS/devel/lib/px4/px4-dyn
Symlinking /home/ch13f_1419/E-Yantra/SS_1302_WS/devel/lib/px4/px4-pwm_out_sim
Symlinking /home/ch13f_1419/E-Yantra/SS_1302_WS/devel/lib/px4/px4-controllib_test
Symlinking /home/ch13f_1419/E-Yantra/SS_1302_WS/devel/lib/px4/px4-airspeed_selector
Symlinking /home/ch13f_1419/E-Yantra/SS_1302_WS/devel/lib/px4/px4-failure
Symlinking /home/ch13f_1419/E-Yantra/SS_1302_WS/devel/lib/px4/px4-land_detector
Symlinking /home/ch13f_1419/E-Yantra/SS_1302_WS/devel/lib/px4/px4-battery_simulator
Symlinking /home/ch13f_1419/E-Yantra/SS_1302_WS/devel/lib/px4/px4-fw_att_control
Symlinking /home/ch13f_1419/E-Yantra/SS_1302_WS/devel/lib/px4/px4-mavlink
Symlinking /home/ch13f_1419/E-Yantra/SS_1302_WS/devel/lib/px4/px4-motor_test
Symlinking /home/ch13f_1419/E-Yantra/SS_1302_WS/devel/lib/px4/px4-gyro_calibration
Symlinking /home/ch13f_1419/E-Yantra/SS_1302_WS/devel/lib/px4/px4-tune_control
Symlinking /home/ch13f_1419/E-Yantra/SS_1302_WS/devel/lib/px4/px4-mc_hover_thrust_estimator
Symlinking /home/ch13f_1419/E-Yantra/SS_1302_WS/devel/lib/px4/px4-work_item_example
Symlinking /home/ch13f_1419/E-Yantra/SS_1302_WS/devel/lib/px4/px4-hello
Symlinking /home/ch13f_1419/E-Yantra/SS_1302_WS/devel/lib/px4/px4-mc_att_control
Symlinking /home/ch13f_1419/E-Yantra/SS_1302_WS/devel/lib/px4/px4-dataman
Symlinking /home/ch13f_1419/E-Yantra/SS_1302_WS/devel/lib/px4/px4
Symlinking /home/ch13f_1419/E-Yantra/SS_1302_WS/devel/lib/px4/px4-esc_calib
Symlinking /home/ch13f_1419/E-Yantra/SS_1302_WS/devel/lib/px4/px4-fw_autotune_attitude_control
Symlinking /home/ch13f_1419/E-Yantra/SS_1302_WS/devel/lib/px4/px4-sensors
Symlinking /home/ch13f_1419/E-Yantra/SS_1302_WS/devel/lib/px4/px4-uuv_example_app
Symlinking /home/ch13f_1419/E-Yantra/SS_1302_WS/devel/lib/px4/px4-commander_tests
Symlinking /home/ch13f_1419/E-Yantra/SS_1302_WS/devel/lib/px4/px4-alias.sh
Symlinking /home/ch13f_1419/E-Yantra/SS_1302_WS/devel/lib/px4/px4-commander
Symlinking /home/ch13f_1419/E-Yantra/SS_1302_WS/devel/lib/px4/px4-perf
Symlinking /home/ch13f_1419/E-Yantra/SS_1302_WS/devel/lib/px4/px4-manual_control
Symlinking /home/ch13f_1419/E-Yantra/SS_1302_WS/devel/lib/px4/px4-simulator
Symlinking /home/ch13f_1419/E-Yantra/SS_1302_WS/devel/lib/px4/px4-ex_fixedwing_control
Symlinking /home/ch13f_1419/E-Yantra/SS_1302_WS/devel/lib/px4/px4-flight_mode_manager
Symlinking /home/ch13f_1419/E-Yantra/SS_1302_WS/devel/lib/px4/px4-rover_pos_control
Symlinking /home/ch13f_1419/E-Yantra/SS_1302_WS/devel/lib/px4/px4-cdev_test
Symlinking /home/ch13f_1419/E-Yantra/SS_1302_WS/devel/lib/px4/px4-px4_simple_app
Symlinking /home/ch13f_1419/E-Yantra/SS_1302_WS/devel/lib/px4/px4-fw_pos_control_l1
Symlinking /home/ch13f_1419/E-Yantra/SS_1302_WS/devel/lib/px4/px4-system_time
Symlinking /home/ch13f_1419/E-Yantra/SS_1302_WS/devel/lib/px4/px4-sd_bench
Symlinking /home/ch13f_1419/E-Yantra/SS_1302_WS/devel/lib/px4/px4-tests
Symlinking /home/ch13f_1419/E-Yantra/SS_1302_WS/devel/lib/px4/px4-load_mon
Symlinking /home/ch13f_1419/E-Yantra/SS_1302_WS/devel/lib/px4/px4-mc_rate_control
Symlinking /home/ch13f_1419/E-Yantra/SS_1302_WS/devel/lib/px4/px4-replay
Symlinking /home/ch13f_1419/E-Yantra/SS_1302_WS/devel/lib/px4/px4-work_queue
Symlinking /home/ch13f_1419/E-Yantra/SS_1302_WS/devel/lib/px4/px4-rover_steering_control
Symlinking /home/ch13f_1419/E-Yantra/SS_1302_WS/devel/lib/px4/px4-fake_imu
Symlinking /home/ch13f_1419/E-Yantra/SS_1302_WS/devel/lib/px4/px4-rpm_simulator
Symlinking /home/ch13f_1419/E-Yantra/SS_1302_WS/devel/lib/px4/px4-led_control
Symlinking /home/ch13f_1419/E-Yantra/SS_1302_WS/devel/lib/px4/px4-rc_update
Symlinking /home/ch13f_1419/E-Yantra/SS_1302_WS/devel/lib/px4/px4-navigator
Symlinking /home/ch13f_1419/E-Yantra/SS_1302_WS/devel/lib/px4/px4-mc_pos_control
