[  0%] Built target events_header
[  0%] Built target mixer_gen_6dof
[  0%] Built target mixer_gen
[  0%] Built target flighttasks_generated
[  0%] Built target drivers_board
[  0%] Built target uorb_headers
[  0%] Built target ver_gen
[  0%] Built target output_functions_header
[  0%] Built target git_gps_devices
[  0%] Built target git_mavlink_v2
[  0%] Built target parameters_xml
[  0%] Built target tinybson
[  0%] Built target perf
[  0%] [34m[1mGenerating ../../logs[0m
[  1%] Built target output_limit
[  2%] Built target work_queue
[  2%] Built target geo
[  3%] Built target rc
[  3%] Built target version
[  3%] Built target MixerBase
[  4%] Built target events_json
[  4%] Built target logs_symlink
[  4%] Built target wind_estimator
[  4%] Built target world_magnetic_model
[  4%] Built target mavlink_c_generate
[  4%] Built target HelicopterMixer
[  5%] Built target MultirotorMixer
[  6%] Built target SimpleMixer
[  6%] Built target component_general_json
[  6%] Built target NullMixer
[  6%] [34m[1mROMFS: copying extras[0m
[  6%] Built target mixer
[ 26%] Built target uorb_msgs
[ 27%] Built target parameters
[ 28%] Built target romfs_gen_files_target
[ 28%] Built target px4_work_queue
[ 30%] Built target uORB
[ 32%] Built target px4_platform
[ 33%] Built target lockstep_scheduler
[ 33%] Built target px4_daemon
[ 34%] Built target px4_layer
[ 34%] Built target cdev
[ 34%] Built target battery
[ 34%] Built target circuit_breaker
[ 35%] Built target systemlib
[ 36%] Built target CollisionPrevention
[ 37%] Built target bezier
[ 37%] Built target hysteresis
[ 37%] Built target conversion
[ 37%] Built target l1
[ 37%] Built target drivers_barometer
[ 37%] Built target airspeed
[ 40%] Built target controllib
[ 40%] Built target mathlib
[ 40%] Built target pid
[ 40%] Built target landing_slope
[ 40%] Built target SystemIdentification
[ 40%] Built target lib__rc__rc_tests
[ 41%] Built target mixer_module
[ 41%] Built target tecs
[ 42%] Built target motion_planning
[ 43%] Built target tunes
[ 43%] Built target WeatherVane
[ 43%] Built target modules__uORB__uORB_tests
[ 43%] Built target arch_tone_alarm
[ 43%] Built target drivers__pwm_out_sim
[ 43%] Built target lib__work_queue__test__wqueue_test
[ 44%] Built target drivers__camera_trigger
[ 45%] Built target examples__rpm_simulator
[ 45%] Built target modules__airship_att_control
[ 45%] Built target modules__attitude_estimator_q
[ 46%] Built target drivers__gps
[ 47%] Built target modules__airspeed_selector
[ 48%] Built target HealthFlags
[ 48%] Built target modules__commander__commander_tests
[ 48%] Built target modules__camera_feedback
[ 48%] Built target ArmAuthorization
[ 48%] Built target failure_detector
[ 50%] Built target modules__dataman
[ 50%] Built target EKF2Utility
[ 50%] Built target ControlAllocation
[ 50%] Built target FlightTask
[ 51%] Built target modules__fw_att_control
[ 52%] Built target launchdetection
[ 53%] Built target fw_autotune_attitude_control
[ 54%] Built target modules__events
[ 54%] Built target modules__gyro_calibration
[ 54%] Built target runway_takeoff
[ 54%] Built target modules__load_mon
[ 55%] Built target modules__gyro_fft
[ 56%] Built target modules__land_detector
[ 57%] Built target modules__landing_target_estimator
[ 58%] Built target modules__logger
[ 60%] Built target modules__local_position_estimator
[ 60%] Built target module__manual_control
[ 60%] Built target modules__mag_bias_estimator
[ 61%] Built target zero_order_hover_thrust_ekf
[ 61%] Built target PositionControl
[ 62%] Built target modules__mavlink__mavlink_tests
[ 61%] Built target mc_autotune_attitude_control
[ 62%] Built target RateControl
[ 62%] Built target geofence_breach_avoidance
[ 62%] Built target modules__rover_pos_control
[ 62%] Built target modules__rc_update
[ 62%] Built target data_validator
[ 62%] Built target Takeoff
[ 62%] Built target AttitudeControl
[ 63%] Built target modules__replay
[ 64%] Built target vehicle_air_data
[ 64%] Built target modules__simulator__battery_simulator
[ 64%] Built target vehicle_gps_position
[ 65%] Built target modules__temperature_compensation
[ 66%] Built target systemcmds__esc_calib
[ 66%] Built target systemcmds__led_control
[ 67%] Built target modules__vtol_att_control
[ 68%] Built target drivers__vmount
[ 68%] Built target modules__uuv_pos_control
[ 68%] Built target systemcmds__failure
[ 68%] Built target systemcmds__mixer
[ 68%] Built target modules__uuv_att_control
[ 68%] Built target systemcmds__motor_ramp
[ 70%] Built target systemcmds__motor_test
[ 70%] Built target systemcmds__dyn
[ 70%] Built target systemcmds__perf
[ 70%] Built target systemcmds__system_time
[ 70%] Built target systemcmds__param
[ 70%] Built target systemcmds__pwm
[ 70%] Built target systemcmds__shutdown
[ 70%] Built target systemcmds__topic_listener
[ 74%] Built target systemcmds__tests
[ 75%] Built target systemcmds__tune_control
[ 75%] Built target systemcmds__tests__hrt_test
[ 75%] Built target systemcmds__ver
[ 76%] Built target systemcmds__work_queue
[ 76%] Built target systemcmds__sd_bench
[ 77%] Built target examples__hello
[ 77%] Built target modules__fake_gps
[ 77%] Built target systemcmds__uorb
[ 77%] Built target examples__fixedwing_control
[ 77%] Built target examples__px4_simple_app
[ 77%] Built target examples__uuv_example_app
[ 77%] Built target examples__px4_mavlink_debug
[ 77%] Built target examples__rover_steering_control
[ 77%] Built target examples__work_item
[ 77%] Built target avoidance
[ 77%] Built target lib__cdev__test__cdev_test
[ 78%] Built target lib__controllib__controllib_test
[ 80%] Built target drivers_gyroscope
[ 80%] Built target drivers_magnetometer
[ 80%] Built target SlewRate
[ 80%] Built target sensor_calibration
[ 80%] Built target ActuatorEffectiveness
[ 83%] Built target modules__ekf2
[ 83%] Built target drivers__tone_alarm
[ 83%] Built target FlightTaskFailsafe
[ 83%] Built target FlightTaskDescend
[ 83%] Built target drivers_accelerometer
[ 83%] Built target modules__mc_att_control
[ 83%] Built target modules__mc_hover_thrust_estimator
[ 83%] Built target modules__fw_pos_control_l1
[ 84%] Built target modules__mc_rate_control
[ 84%] Built target modules__mc_pos_control
[ 84%] Built target vehicle_imu
[ 84%] Built target vehicle_acceleration
[ 85%] Built target modules__navigator
[ 86%] Built target vehicle_magnetometer
[ 86%] Built target examples__fake_magnetometer
[ 86%] Built target modules__control_allocator
[ 88%] Built target PreFlightCheck
[ 88%] Built target vehicle_angular_velocity
[ 88%] Built target modules__fake_imu
[ 88%] Built target FlightTaskUtility
[ 90%] Built target modules__simulator
[ 92%] Built target modules__commander
[ 92%] Built target FlightTaskTransition
[ 93%] Built target modules__sensors
[ 93%] Built target FlightTaskAuto
[ 93%] Built target FlightTaskManualAltitude
[ 95%] Built target modules__mavlink
[ 95%] Built target FlightTaskManualPosition
[ 95%] Built target FlightTaskAutoFollowMe
[ 95%] Built target FlightTaskManualAltitudeSmoothVel
[ 97%] Built target FlightTaskOrbit
[ 97%] Built target FlightTaskManualAcceleration
[ 97%] Built target FlightTaskManualPositionSmoothVel
[ 98%] Built target modules__flight_mode_manager
[100%] Built target px4
[100%] Built target examples__dyn_hello
