[  0%] Built target mixer_gen_6dof
[  0%] Built target flighttasks_generated
[  0%] Built target output_functions_header
[  1%] Built target mixer_gen
[  1%] Built target git_mavlink_v2
[  2%] Built target drivers_board
[  2%] Built target uorb_headers
[  2%] Built target parameters_xml
[  2%] Built target git_gps_devices
[  2%] [34m[1mGenerating ../../logs[0m
[  3%] Built target events_header
[  3%] Built target ver_gen
[  4%] Built target mavlink_c_generate
[  4%] Built target logs_symlink
[  5%] Built target tinybson
[  7%] Built target work_queue
[  7%] Built target geo
[  7%] Built target MixerBase
[  7%] Built target output_limit
[  7%] Built target version
[  7%] Built target perf
[  8%] Built target rc
[  8%] Built target events_json
[  8%] Built target world_magnetic_model
[  8%] Built target wind_estimator
[  8%] Built target SimpleMixer
[  8%] Built target NullMixer
[  8%] Built target component_general_json
[  9%] Built target MultirotorMixer
[  9%] Built target HelicopterMixer
[ 10%] Built target romfs_gen_files_target
[ 30%] Built target uorb_msgs
[ 30%] Built target mixer
[ 31%] Built target parameters
[ 31%] Built target px4_work_queue
[ 32%] Built target uORB
[ 34%] Built target px4_platform
[ 34%] Built target lockstep_scheduler
[ 35%] Built target px4_daemon
[ 35%] Built target px4_layer
[ 35%] Built target cdev
[ 35%] Built target hysteresis
[ 35%] Built target airspeed
[ 35%] Built target bezier
[ 35%] Built target conversion
[ 36%] Built target circuit_breaker
[ 38%] Built target systemlib
[ 38%] Built target drivers_barometer
[ 38%] Built target l1
[ 39%] Built target CollisionPrevention
[ 40%] Built target controllib
[ 41%] Built target landing_slope
[ 42%] Built target battery
[ 42%] Built target pid
[ 42%] Built target mathlib
[ 42%] Built target mixer_module
[ 43%] Built target motion_planning
[ 43%] Built target SystemIdentification
[ 43%] Built target lib__rc__rc_tests
[ 43%] Built target tunes
[ 44%] Built target sensor_calibration
[ 45%] Built target WeatherVane
[ 45%] Built target tecs
[ 45%] Built target arch_tone_alarm
[ 46%] Built target modules__uORB__uORB_tests
[ 46%] Built target lib__work_queue__test__wqueue_test
[ 47%] Built target examples__rpm_simulator
[ 47%] Built target drivers__gps
[ 47%] Built target drivers__camera_trigger
[ 47%] Built target drivers__pwm_out_sim
[ 47%] Built target modules__airspeed_selector
[ 47%] Built target modules__attitude_estimator_q
[ 48%] Built target modules__airship_att_control
[ 48%] Built target modules__camera_feedback
[ 50%] Built target failure_detector
[ 50%] Built target modules__dataman
[ 50%] Built target HealthFlags
[ 50%] Built target ControlAllocation
[ 50%] Built target modules__commander__commander_tests
[ 50%] Built target modules__events
[ 50%] Built target EKF2Utility
[ 50%] Built target fw_autotune_attitude_control
[ 50%] Built target FlightTask
[ 50%] Built target ArmAuthorization
[ 50%] Built target launchdetection
[ 51%] Built target modules__fw_att_control
[ 52%] Built target modules__gyro_fft
[ 52%] Built target runway_takeoff
[ 53%] Built target modules__land_detector
[ 53%] Built target modules__load_mon
[ 54%] Built target modules__logger
[ 54%] Built target modules__mag_bias_estimator
[ 54%] Built target modules__gyro_calibration
[ 55%] Built target modules__landing_target_estimator
[ 55%] Built target module__manual_control
[ 55%] Built target AttitudeControl
[ 56%] Built target zero_order_hover_thrust_ekf
[ 57%] Built target mc_autotune_attitude_control
[ 58%] Built target modules__local_position_estimator
[ 58%] Built target PositionControl
[ 59%] Built target modules__mavlink__mavlink_tests
[ 59%] Built target Takeoff
[ 60%] Built target RateControl
[ 60%] Built target geofence_breach_avoidance
[ 60%] Built target data_validator
[ 60%] Built target modules__replay
[ 60%] Built target vehicle_acceleration
[ 60%] Built target modules__rover_pos_control
[ 60%] Built target vehicle_angular_velocity
[ 61%] Built target vehicle_air_data
[ 63%] Built target modules__rc_update
[ 63%] Built target vehicle_imu
[ 63%] Built target vehicle_gps_position
[ 64%] Built target vehicle_magnetometer
[ 65%] Built target modules__uuv_pos_control
[ 65%] Built target modules__simulator__battery_simulator
[ 65%] Built target modules__uuv_att_control
[ 66%] Built target drivers__vmount
[ 66%] Built target systemcmds__failure
[ 67%] Built target systemcmds__esc_calib
[ 67%] Built target systemcmds__dyn
[ 67%] Built target modules__vtol_att_control
[ 68%] Built target modules__temperature_compensation
[ 69%] Built target systemcmds__motor_ramp
[ 69%] Built target systemcmds__led_control
[ 69%] Built target systemcmds__mixer
[ 69%] Built target systemcmds__param
[ 69%] Built target systemcmds__pwm
[ 70%] Built target systemcmds__sd_bench
[ 70%] Built target systemcmds__perf
[ 70%] Built target systemcmds__motor_test
[ 70%] Built target systemcmds__system_time
[ 70%] Built target systemcmds__shutdown
[ 70%] Built target systemcmds__tests__hrt_test
[ 71%] Built target systemcmds__topic_listener
[ 71%] Built target systemcmds__tune_control
[ 71%] Built target systemcmds__uorb
[ 76%] Built target systemcmds__tests
[ 76%] Built target systemcmds__work_queue
[ 76%] Built target modules__fake_gps
[ 76%] Built target examples__hello
[ 76%] Built target systemcmds__ver
[ 76%] Built target examples__px4_mavlink_debug
[ 77%] Built target examples__fixedwing_control
[ 77%] Built target examples__uuv_example_app
[ 78%] Built target examples__px4_simple_app
[ 78%] Built target examples__work_item
[ 78%] Built target examples__rover_steering_control
[ 79%] Built target lib__cdev__test__cdev_test
[ 79%] Built target lib__controllib__controllib_test
[ 79%] Built target avoidance
[ 79%] Built target drivers_gyroscope
[ 79%] Built target drivers_magnetometer
[ 79%] Built target SlewRate
[ 79%] Built target drivers__tone_alarm
[ 79%] Built target ActuatorEffectiveness
[ 79%] Built target drivers_accelerometer
[ 79%] Built target FlightTaskDescend
[ 81%] Built target PreFlightCheck
[ 82%] Built target FlightTaskFailsafe
[ 82%] Built target modules__fw_pos_control_l1
[ 82%] Built target modules__mc_att_control
[ 82%] Built target modules__mc_rate_control
[ 85%] Built target modules__ekf2
[ 85%] Built target modules__mc_hover_thrust_estimator
[ 85%] Built target modules__sensors
[ 86%] Built target modules__fake_imu
[ 88%] Built target modules__simulator
[ 88%] Built target examples__fake_magnetometer
[ 89%] Built target FlightTaskUtility
[ 91%] Built target modules__commander
[ 92%] Built target modules__mc_pos_control
[ 93%] Built target FlightTaskManualAltitude
[ 93%] Built target FlightTaskAuto
[ 93%] Built target FlightTaskTransition
[ 94%] Built target modules__control_allocator
[ 94%] Built target FlightTaskAutoLineSmoothVel
[ 94%] Built target FlightTaskAutoFollowMe
[ 94%] Built target FlightTaskManualAltitudeSmoothVel
[ 94%] Built target FlightTaskManualPosition
[ 96%] Built target modules__mavlink
[ 97%] Built target FlightTaskOrbit
[ 97%] Built target FlightTaskManualAcceleration
[ 97%] Built target FlightTaskManualPositionSmoothVel
[ 97%] Built target modules__flight_mode_manager
[ 98%] Built target modules__navigator
[100%] Built target px4
[100%] Built target examples__dyn_hello
