Performing C SOURCE FILE Test CMAKE_HAVE_LIBC_PTHREAD failed with the following output:
Change Dir: /home/ch13f_1419/E-Yantra/Workspace_Template/catkin_ws/build/px4/CMakeFiles/CMakeTmp

Run Build Command(s):/usr/bin/make cmTC_9189f/fast && /usr/bin/make -f CMakeFiles/cmTC_9189f.dir/build.make CMakeFiles/cmTC_9189f.dir/build
make[1]: Entering directory '/home/ch13f_1419/E-Yantra/Workspace_Template/catkin_ws/build/px4/CMakeFiles/CMakeTmp'
Building C object CMakeFiles/cmTC_9189f.dir/src.c.o
/usr/bin/cc -DcmTC_9189f_EXPORTS  -DCMAKE_HAVE_LIBC_PTHREAD -fPIE   -o CMakeFiles/cmTC_9189f.dir/src.c.o   -c /home/ch13f_1419/E-Yantra/Workspace_Template/catkin_ws/build/px4/CMakeFiles/CMakeTmp/src.c
Linking C executable cmTC_9189f
/usr/bin/cmake -E cmake_link_script CMakeFiles/cmTC_9189f.dir/link.txt --verbose=1
/usr/bin/cc  -DCMAKE_HAVE_LIBC_PTHREAD   -fuse-ld=gold  -Wl,--export-dynamic -rdynamic CMakeFiles/cmTC_9189f.dir/src.c.o  -o cmTC_9189f 
CMakeFiles/cmTC_9189f.dir/src.c.o:src.c:function main: error: undefined reference to 'pthread_create'
CMakeFiles/cmTC_9189f.dir/src.c.o:src.c:function main: error: undefined reference to 'pthread_detach'
CMakeFiles/cmTC_9189f.dir/src.c.o:src.c:function main: error: undefined reference to 'pthread_join'
collect2: error: ld returned 1 exit status
make[1]: *** [CMakeFiles/cmTC_9189f.dir/build.make:87: cmTC_9189f] Error 1
make[1]: Leaving directory '/home/ch13f_1419/E-Yantra/Workspace_Template/catkin_ws/build/px4/CMakeFiles/CMakeTmp'
make: *** [Makefile:121: cmTC_9189f/fast] Error 2


Source file was:
#include <pthread.h>

void* test_func(void* data)
{
  return data;
}

int main(void)
{
  pthread_t thread;
  pthread_create(&thread, NULL, test_func, NULL);
  pthread_detach(thread);
  pthread_join(thread, NULL);
  pthread_atfork(NULL, NULL, NULL);
  pthread_exit(NULL);

  return 0;
}

Determining if the function pthread_create exists in the pthreads failed with the following output:
Change Dir: /home/ch13f_1419/E-Yantra/Workspace_Template/catkin_ws/build/px4/CMakeFiles/CMakeTmp

Run Build Command(s):/usr/bin/make cmTC_94707/fast && /usr/bin/make -f CMakeFiles/cmTC_94707.dir/build.make CMakeFiles/cmTC_94707.dir/build
make[1]: Entering directory '/home/ch13f_1419/E-Yantra/Workspace_Template/catkin_ws/build/px4/CMakeFiles/CMakeTmp'
Building C object CMakeFiles/cmTC_94707.dir/CheckFunctionExists.c.o
/usr/bin/cc -DcmTC_94707_EXPORTS  -DCHECK_FUNCTION_EXISTS=pthread_create -fPIE   -o CMakeFiles/cmTC_94707.dir/CheckFunctionExists.c.o   -c /usr/share/cmake-3.16/Modules/CheckFunctionExists.c
Linking C executable cmTC_94707
/usr/bin/cmake -E cmake_link_script CMakeFiles/cmTC_94707.dir/link.txt --verbose=1
/usr/bin/cc  -DCHECK_FUNCTION_EXISTS=pthread_create   -fuse-ld=gold  -Wl,--export-dynamic -rdynamic CMakeFiles/cmTC_94707.dir/CheckFunctionExists.c.o  -o cmTC_94707  -lpthreads 
/usr/bin/ld.gold: error: cannot find -lpthreads
CMakeFiles/cmTC_94707.dir/CheckFunctionExists.c.o:CheckFunctionExists.c:function main: error: undefined reference to 'pthread_create'
collect2: error: ld returned 1 exit status
make[1]: *** [CMakeFiles/cmTC_94707.dir/build.make:87: cmTC_94707] Error 1
make[1]: Leaving directory '/home/ch13f_1419/E-Yantra/Workspace_Template/catkin_ws/build/px4/CMakeFiles/CMakeTmp'
make: *** [Makefile:121: cmTC_94707/fast] Error 2



