Performing C SOURCE FILE Test CMAKE_HAVE_LIBC_PTHREAD failed with the following output:
Change Dir: /home/ch13f_1419/E-Yantra/SS_1302_WS/build/catkin_tools_prebuild/CMakeFiles/CMakeTmp

Run Build Command(s):/usr/bin/make cmTC_dcacf/fast && /usr/bin/make -f CMakeFiles/cmTC_dcacf.dir/build.make CMakeFiles/cmTC_dcacf.dir/build
make[1]: Entering directory '/home/ch13f_1419/E-Yantra/SS_1302_WS/build/catkin_tools_prebuild/CMakeFiles/CMakeTmp'
Building C object CMakeFiles/cmTC_dcacf.dir/src.c.o
/usr/bin/cc   -DCMAKE_HAVE_LIBC_PTHREAD   -o CMakeFiles/cmTC_dcacf.dir/src.c.o   -c /home/ch13f_1419/E-Yantra/SS_1302_WS/build/catkin_tools_prebuild/CMakeFiles/CMakeTmp/src.c
Linking C executable cmTC_dcacf
/usr/bin/cmake -E cmake_link_script CMakeFiles/cmTC_dcacf.dir/link.txt --verbose=1
/usr/bin/cc  -DCMAKE_HAVE_LIBC_PTHREAD    -rdynamic CMakeFiles/cmTC_dcacf.dir/src.c.o  -o cmTC_dcacf 
/usr/bin/ld: CMakeFiles/cmTC_dcacf.dir/src.c.o: in function `main':
src.c:(.text+0x46): undefined reference to `pthread_create'
/usr/bin/ld: src.c:(.text+0x52): undefined reference to `pthread_detach'
/usr/bin/ld: src.c:(.text+0x63): undefined reference to `pthread_join'
collect2: error: ld returned 1 exit status
make[1]: *** [CMakeFiles/cmTC_dcacf.dir/build.make:87: cmTC_dcacf] Error 1
make[1]: Leaving directory '/home/ch13f_1419/E-Yantra/SS_1302_WS/build/catkin_tools_prebuild/CMakeFiles/CMakeTmp'
make: *** [Makefile:121: cmTC_dcacf/fast] Error 2


Source file was:
#include <pthread.h>

void* test_func(void* data)
{
  return data;
}

int main(void)
{
  pthread_t thread;
  pthread_create(&thread, NULL, test_func, NULL);
  pthread_detach(thread);
  pthread_join(thread, NULL);
  pthread_atfork(NULL, NULL, NULL);
  pthread_exit(NULL);

  return 0;
}

Determining if the function pthread_create exists in the pthreads failed with the following output:
Change Dir: /home/ch13f_1419/E-Yantra/SS_1302_WS/build/catkin_tools_prebuild/CMakeFiles/CMakeTmp

Run Build Command(s):/usr/bin/make cmTC_269db/fast && /usr/bin/make -f CMakeFiles/cmTC_269db.dir/build.make CMakeFiles/cmTC_269db.dir/build
make[1]: Entering directory '/home/ch13f_1419/E-Yantra/SS_1302_WS/build/catkin_tools_prebuild/CMakeFiles/CMakeTmp'
Building C object CMakeFiles/cmTC_269db.dir/CheckFunctionExists.c.o
/usr/bin/cc   -DCHECK_FUNCTION_EXISTS=pthread_create   -o CMakeFiles/cmTC_269db.dir/CheckFunctionExists.c.o   -c /usr/share/cmake-3.16/Modules/CheckFunctionExists.c
Linking C executable cmTC_269db
/usr/bin/cmake -E cmake_link_script CMakeFiles/cmTC_269db.dir/link.txt --verbose=1
/usr/bin/cc  -DCHECK_FUNCTION_EXISTS=pthread_create    -rdynamic CMakeFiles/cmTC_269db.dir/CheckFunctionExists.c.o  -o cmTC_269db  -lpthreads 
/usr/bin/ld: cannot find -lpthreads
collect2: error: ld returned 1 exit status
make[1]: *** [CMakeFiles/cmTC_269db.dir/build.make:87: cmTC_269db] Error 1
make[1]: Leaving directory '/home/ch13f_1419/E-Yantra/SS_1302_WS/build/catkin_tools_prebuild/CMakeFiles/CMakeTmp'
make: *** [Makefile:121: cmTC_269db/fast] Error 2



Performing C SOURCE FILE Test CMAKE_HAVE_LIBC_PTHREAD failed with the following output:
Change Dir: /home/ch13f_1419/E-Yantra/SS_1302_WS/build/catkin_tools_prebuild/CMakeFiles/CMakeTmp

Run Build Command(s):/usr/bin/make cmTC_28629/fast && /usr/bin/make -f CMakeFiles/cmTC_28629.dir/build.make CMakeFiles/cmTC_28629.dir/build
make[1]: Entering directory '/home/ch13f_1419/E-Yantra/SS_1302_WS/build/catkin_tools_prebuild/CMakeFiles/CMakeTmp'
Building C object CMakeFiles/cmTC_28629.dir/src.c.o
/usr/bin/cc   -DCMAKE_HAVE_LIBC_PTHREAD   -o CMakeFiles/cmTC_28629.dir/src.c.o   -c /home/ch13f_1419/E-Yantra/SS_1302_WS/build/catkin_tools_prebuild/CMakeFiles/CMakeTmp/src.c
Linking C executable cmTC_28629
/usr/bin/cmake -E cmake_link_script CMakeFiles/cmTC_28629.dir/link.txt --verbose=1
/usr/bin/cc  -DCMAKE_HAVE_LIBC_PTHREAD    -rdynamic CMakeFiles/cmTC_28629.dir/src.c.o  -o cmTC_28629 
/usr/bin/ld: CMakeFiles/cmTC_28629.dir/src.c.o: in function `main':
src.c:(.text+0x46): undefined reference to `pthread_create'
/usr/bin/ld: src.c:(.text+0x52): undefined reference to `pthread_detach'
/usr/bin/ld: src.c:(.text+0x63): undefined reference to `pthread_join'
collect2: error: ld returned 1 exit status
make[1]: *** [CMakeFiles/cmTC_28629.dir/build.make:87: cmTC_28629] Error 1
make[1]: Leaving directory '/home/ch13f_1419/E-Yantra/SS_1302_WS/build/catkin_tools_prebuild/CMakeFiles/CMakeTmp'
make: *** [Makefile:121: cmTC_28629/fast] Error 2


Source file was:
#include <pthread.h>

void* test_func(void* data)
{
  return data;
}

int main(void)
{
  pthread_t thread;
  pthread_create(&thread, NULL, test_func, NULL);
  pthread_detach(thread);
  pthread_join(thread, NULL);
  pthread_atfork(NULL, NULL, NULL);
  pthread_exit(NULL);

  return 0;
}

Determining if the function pthread_create exists in the pthreads failed with the following output:
Change Dir: /home/ch13f_1419/E-Yantra/SS_1302_WS/build/catkin_tools_prebuild/CMakeFiles/CMakeTmp

Run Build Command(s):/usr/bin/make cmTC_f1477/fast && /usr/bin/make -f CMakeFiles/cmTC_f1477.dir/build.make CMakeFiles/cmTC_f1477.dir/build
make[1]: Entering directory '/home/ch13f_1419/E-Yantra/SS_1302_WS/build/catkin_tools_prebuild/CMakeFiles/CMakeTmp'
Building C object CMakeFiles/cmTC_f1477.dir/CheckFunctionExists.c.o
/usr/bin/cc   -DCHECK_FUNCTION_EXISTS=pthread_create   -o CMakeFiles/cmTC_f1477.dir/CheckFunctionExists.c.o   -c /usr/share/cmake-3.16/Modules/CheckFunctionExists.c
Linking C executable cmTC_f1477
/usr/bin/cmake -E cmake_link_script CMakeFiles/cmTC_f1477.dir/link.txt --verbose=1
/usr/bin/cc  -DCHECK_FUNCTION_EXISTS=pthread_create    -rdynamic CMakeFiles/cmTC_f1477.dir/CheckFunctionExists.c.o  -o cmTC_f1477  -lpthreads 
/usr/bin/ld: cannot find -lpthreads
collect2: error: ld returned 1 exit status
make[1]: *** [CMakeFiles/cmTC_f1477.dir/build.make:87: cmTC_f1477] Error 1
make[1]: Leaving directory '/home/ch13f_1419/E-Yantra/SS_1302_WS/build/catkin_tools_prebuild/CMakeFiles/CMakeTmp'
make: *** [Makefile:121: cmTC_f1477/fast] Error 2



