Symlinking /home/ch13f_1419/E-Yantra/SS_1302_WS/devel/share/gazebo_ros_link_attacher/cmake/gazebo_ros_link_attacherConfig-version.cmake
Symlinking /home/ch13f_1419/E-Yantra/SS_1302_WS/devel/share/gazebo_ros_link_attacher/cmake/gazebo_ros_link_attacherConfig.cmake
Symlinking /home/ch13f_1419/E-Yantra/SS_1302_WS/devel/share/gazebo_ros_link_attacher/cmake/gazebo_ros_link_attacher-msg-paths.cmake
Symlinking /home/ch13f_1419/E-Yantra/SS_1302_WS/devel/share/gazebo_ros_link_attacher/cmake/gazebo_ros_link_attacher-msg-extras.cmake
Symlinking /home/ch13f_1419/E-Yantra/SS_1302_WS/devel/share/common-lisp/ros/gazebo_ros_link_attacher/srv/gazebo_ros_link_attacher-srv.asd
Symlinking /home/ch13f_1419/E-Yantra/SS_1302_WS/devel/share/common-lisp/ros/gazebo_ros_link_attacher/srv/_package.lisp
Symlinking /home/ch13f_1419/E-Yantra/SS_1302_WS/devel/share/common-lisp/ros/gazebo_ros_link_attacher/srv/_package_Gripper.lisp
Symlinking /home/ch13f_1419/E-Yantra/SS_1302_WS/devel/share/common-lisp/ros/gazebo_ros_link_attacher/srv/Attach.lisp
Symlinking /home/ch13f_1419/E-Yantra/SS_1302_WS/devel/share/common-lisp/ros/gazebo_ros_link_attacher/srv/_package_Attach.lisp
Symlinking /home/ch13f_1419/E-Yantra/SS_1302_WS/devel/share/common-lisp/ros/gazebo_ros_link_attacher/srv/Gripper.lisp
Symlinking /home/ch13f_1419/E-Yantra/SS_1302_WS/devel/share/gennodejs/ros/gazebo_ros_link_attacher/_index.js
Symlinking /home/ch13f_1419/E-Yantra/SS_1302_WS/devel/share/gennodejs/ros/gazebo_ros_link_attacher/srv/Attach.js
Symlinking /home/ch13f_1419/E-Yantra/SS_1302_WS/devel/share/gennodejs/ros/gazebo_ros_link_attacher/srv/_index.js
Symlinking /home/ch13f_1419/E-Yantra/SS_1302_WS/devel/share/gennodejs/ros/gazebo_ros_link_attacher/srv/Gripper.js
Symlinking /home/ch13f_1419/E-Yantra/SS_1302_WS/devel/share/roseus/ros/gazebo_ros_link_attacher/manifest.l
Symlinking /home/ch13f_1419/E-Yantra/SS_1302_WS/devel/share/roseus/ros/gazebo_ros_link_attacher/srv/Gripper.l
Symlinking /home/ch13f_1419/E-Yantra/SS_1302_WS/devel/share/roseus/ros/gazebo_ros_link_attacher/srv/Attach.l
Symlinking /home/ch13f_1419/E-Yantra/SS_1302_WS/devel/lib/libgazebo_ros_link_attacher.so
Symlinking /home/ch13f_1419/E-Yantra/SS_1302_WS/devel/lib/pkgconfig/gazebo_ros_link_attacher.pc
Symlinking /home/ch13f_1419/E-Yantra/SS_1302_WS/devel/lib/python3/dist-packages/gazebo_ros_link_attacher/__init__.py
Symlinking /home/ch13f_1419/E-Yantra/SS_1302_WS/devel/lib/python3/dist-packages/gazebo_ros_link_attacher/srv/__init__.py
Symlinking /home/ch13f_1419/E-Yantra/SS_1302_WS/devel/lib/python3/dist-packages/gazebo_ros_link_attacher/srv/_Attach.py
Symlinking /home/ch13f_1419/E-Yantra/SS_1302_WS/devel/lib/python3/dist-packages/gazebo_ros_link_attacher/srv/_Gripper.py
Symlinking /home/ch13f_1419/E-Yantra/SS_1302_WS/devel/include/gazebo_ros_link_attacher/AttachRequest.h
Symlinking /home/ch13f_1419/E-Yantra/SS_1302_WS/devel/include/gazebo_ros_link_attacher/Gripper.h
Symlinking /home/ch13f_1419/E-Yantra/SS_1302_WS/devel/include/gazebo_ros_link_attacher/AttachResponse.h
Symlinking /home/ch13f_1419/E-Yantra/SS_1302_WS/devel/include/gazebo_ros_link_attacher/Attach.h
Symlinking /home/ch13f_1419/E-Yantra/SS_1302_WS/devel/include/gazebo_ros_link_attacher/GripperResponse.h
Symlinking /home/ch13f_1419/E-Yantra/SS_1302_WS/devel/include/gazebo_ros_link_attacher/GripperRequest.h
