[35m[1mScanning dependencies of target std_msgs_generate_messages_py[0m
[35m[1mScanning dependencies of target std_msgs_generate_messages_eus[0m
[35m[1mScanning dependencies of target _gazebo_ros_link_attacher_generate_messages_check_deps_Attach[0m
[35m[1mScanning dependencies of target std_msgs_generate_messages_nodejs[0m
[35m[1mScanning dependencies of target std_msgs_generate_messages_cpp[0m
[35m[1mScanning dependencies of target _gazebo_ros_link_attacher_generate_messages_check_deps_Gripper[0m
[  0%] Built target std_msgs_generate_messages_py
[  0%] Built target std_msgs_generate_messages_eus
[  0%] Built target std_msgs_generate_messages_cpp
[  0%] Built target std_msgs_generate_messages_nodejs
[35m[1mScanning dependencies of target std_msgs_generate_messages_lisp[0m
[  0%] Built target std_msgs_generate_messages_lisp
[  0%] Built target _gazebo_ros_link_attacher_generate_messages_check_deps_Attach
[  0%] Built target _gazebo_ros_link_attacher_generate_messages_check_deps_Gripper
[35m[1mScanning dependencies of target gazebo_ros_link_attacher_generate_messages_nodejs[0m
[35m[1mScanning dependencies of target gazebo_ros_link_attacher_generate_messages_cpp[0m
[35m[1mScanning dependencies of target gazebo_ros_link_attacher_generate_messages_py[0m
[35m[1mScanning dependencies of target gazebo_ros_link_attacher_generate_messages_eus[0m
[35m[1mScanning dependencies of target gazebo_ros_link_attacher_generate_messages_lisp[0m
[  7%] [34m[1mGenerating C++ code from gazebo_ros_link_attacher/Attach.srv[0m
[ 21%] [34m[1mGenerating Javascript code from gazebo_ros_link_attacher/Attach.srv[0m
[ 21%] [34m[1mGenerating C++ code from gazebo_ros_link_attacher/Gripper.srv[0m
[ 28%] [34m[1mGenerating Javascript code from gazebo_ros_link_attacher/Gripper.srv[0m
[ 35%] [34m[1mGenerating Python code from SRV gazebo_ros_link_attacher/Attach[0m
[ 42%] [34m[1mGenerating Python code from SRV gazebo_ros_link_attacher/Gripper[0m
[ 50%] [34m[1mGenerating EusLisp manifest code for gazebo_ros_link_attacher[0m
[ 57%] [34m[1mGenerating EusLisp code from gazebo_ros_link_attacher/Attach.srv[0m
[ 71%] [34m[1mGenerating Lisp code from gazebo_ros_link_attacher/Attach.srv[0m
[ 71%] [34m[1mGenerating Lisp code from gazebo_ros_link_attacher/Gripper.srv[0m
[ 78%] [34m[1mGenerating EusLisp code from gazebo_ros_link_attacher/Gripper.srv[0m
[ 78%] Built target gazebo_ros_link_attacher_generate_messages_nodejs
[ 78%] Built target gazebo_ros_link_attacher_generate_messages_lisp
[ 85%] [34m[1mGenerating Python srv __init__.py for gazebo_ros_link_attacher[0m
[ 85%] Built target gazebo_ros_link_attacher_generate_messages_cpp
[ 85%] Built target gazebo_ros_link_attacher_generate_messages_py
[ 85%] Built target gazebo_ros_link_attacher_generate_messages_eus
[35m[1mScanning dependencies of target gazebo_ros_link_attacher[0m
[35m[1mScanning dependencies of target gazebo_ros_link_attacher_generate_messages[0m
[ 85%] Built target gazebo_ros_link_attacher_generate_messages
[ 92%] [32mBuilding CXX object CMakeFiles/gazebo_ros_link_attacher.dir/src/gazebo_ros_link_attacher.cpp.o[0m
[100%] [32m[1mLinking CXX shared library /home/ch13f_1419/E-Yantra/SS_1302_WS/devel/.private/gazebo_ros_link_attacher/lib/libgazebo_ros_link_attacher.so[0m
[100%] Built target gazebo_ros_link_attacher
